I:\ImgProcess研究过程\ImageFusion_8bit\ImgFusion\ImgFusion\x64\Debug\cl.command.1.tlog
I:\ImgProcess研究过程\ImageFusion_8bit\ImgFusion\ImgFusion\x64\Debug\CL.read.1.tlog
I:\ImgProcess研究过程\ImageFusion_8bit\ImgFusion\ImgFusion\x64\Debug\CL.write.1.tlog
I:\IMGPROCESS研究过程\IMAGEFUSION_8BIT\IMGFUSION\IMGFUSION\X64\DEBUG\FUNCTION.OBJ
I:\IMGPROCESS研究过程\IMAGEFUSION_8BIT\IMGFUSION\IMGFUSION\X64\DEBUG\FUSION.OBJ
I:\IMGPROCESS研究过程\IMAGEFUSION_8BIT\IMGFUSION\IMGFUSION\X64\DEBUG\IMGFUSION.EXE.INTERMEDIATE.MANIFEST
I:\ImgProcess研究过程\ImageFusion_8bit\ImgFusion\ImgFusion\x64\Debug\ImgFusion.vcxprojResolveAssemblyReference.cache
I:\ImgProcess研究过程\ImageFusion_8bit\ImgFusion\ImgFusion\x64\Debug\ImgFusion.write.1.tlog
I:\IMGPROCESS研究过程\IMAGEFUSION_8BIT\IMGFUSION\IMGFUSION\X64\DEBUG\IMGQUALITY.OBJ
I:\ImgProcess研究过程\ImageFusion_8bit\ImgFusion\ImgFusion\x64\Debug\link.command.1.tlog
I:\ImgProcess研究过程\ImageFusion_8bit\ImgFusion\ImgFusion\x64\Debug\link.read.1.tlog
I:\ImgProcess研究过程\ImageFusion_8bit\ImgFusion\ImgFusion\x64\Debug\link.write.1.tlog
I:\IMGPROCESS研究过程\IMAGEFUSION_8BIT\IMGFUSION\IMGFUSION\X64\DEBUG\MAIN.OBJ
I:\ImgProcess研究过程\ImageFusion_8bit\ImgFusion\ImgFusion\x64\Debug\mt.command.1.tlog
I:\ImgProcess研究过程\ImageFusion_8bit\ImgFusion\ImgFusion\x64\Debug\mt.read.1.tlog
I:\ImgProcess研究过程\ImageFusion_8bit\ImgFusion\ImgFusion\x64\Debug\mt.write.1.tlog
I:\ImgProcess研究过程\ImageFusion_8bit\ImgFusion\ImgFusion\x64\Debug\vc100.idb
I:\IMGPROCESS研究过程\IMAGEFUSION_8BIT\IMGFUSION\IMGFUSION\X64\DEBUG\VC100.PDB
I:\IMGPROCESS研究过程\IMAGEFUSION_8BIT\IMGFUSION\X64\DEBUG\IMGFUSION.EXE
I:\ImgProcess研究过程\ImageFusion_8bit\ImgFusion\x64\Debug\ImgFusion.exp
I:\IMGPROCESS研究过程\IMAGEFUSION_8BIT\IMGFUSION\X64\DEBUG\IMGFUSION.ILK
I:\ImgProcess研究过程\ImageFusion_8bit\ImgFusion\x64\Debug\ImgFusion.lib
I:\IMGPROCESS研究过程\IMAGEFUSION_8BIT\IMGFUSION\X64\DEBUG\IMGFUSION.PDB
