生成启动时间为 2021/9/27 16:09:11。
     1>项目“D:\my_workspace\C_program\ImageFusion_8bit\ImgFusion\ImgFusion\ImgFusion.vcxproj”在节点 2 上(build 个目标)。
     1>InitializeBuildStatus:
         正在创建“x64\Debug\ImgFusion.unsuccessfulbuild”，因为已指定“AlwaysCreate”。
       ClCompile:
         D:\Program Files (x86)\Microsoft Visual Studio 10.0\VC\bin\x86_amd64\CL.exe /c /Zi /nologo /W3 /WX- /Od /D _MBCS /Gm /EHsc /RTC1 /MDd /GS /fp:precise /Zc:wchar_t /Zc:forScope /Fo"x64\Debug\\" /Fd"x64\Debug\vc100.pdb" /Gd /TP /errorReport:prompt ImgQuality.cpp Main.cpp
         ImgQuality.cpp
     1>d:\my_workspace\c_program\imagefusion_8bit\imgfusion\gdal\gdal200\include\cpl_string.h(237): warning C4251: “std::_String_val<_Elem,_Alloc>::_Alval”: class“std::allocator<_Ty>”需要有 dll 接口由 class“std::_String_val<_Elem,_Alloc>”的客户端使用
                 with
                 [
                     _Elem=char,
                     _Alloc=std::allocator<char>
                 ]
                 and
                 [
                     _Ty=char
                 ]
                 and
                 [
                     _Elem=char,
                     _Alloc=std::allocator<char>
                 ]
     1>d:\my_workspace\c_program\imagefusion_8bit\imgfusion\imgfusion\../GDAL/gdal200/include/gdal_priv.h(584): warning C4251: “GDALColorTable::aoEntries”: class“std::vector<_Ty>”需要有 dll 接口由 class“GDALColorTable”的客户端使用
                 with
                 [
                     _Ty=GDALColorEntry
                 ]
     1>d:\my_workspace\c_program\imagefusion_8bit\imgfusion\imgfusion\../GDAL/gdal200/include/gdal_priv.h(978): warning C4251: “GDALDriverManager::oMapNameToDrivers”: class“std::map<_Kty,_Ty>”需要有 dll 接口由 class“GDALDriverManager”的客户端使用
                 with
                 [
                     _Kty=CPLString,
                     _Ty=GDALDriver *
                 ]
         Generating Code...
         Compiling...
         Main.cpp
     1>d:\my_workspace\c_program\imagefusion_8bit\imgfusion\gdal\gdal200\include\cpl_string.h(237): warning C4251: “std::_String_val<_Elem,_Alloc>::_Alval”: class“std::allocator<_Ty>”需要有 dll 接口由 class“std::_String_val<_Elem,_Alloc>”的客户端使用
                 with
                 [
                     _Elem=char,
                     _Alloc=std::allocator<char>
                 ]
                 and
                 [
                     _Ty=char
                 ]
                 and
                 [
                     _Elem=char,
                     _Alloc=std::allocator<char>
                 ]
     1>d:\my_workspace\c_program\imagefusion_8bit\imgfusion\imgfusion\../GDAL/gdal200/include/gdal_priv.h(584): warning C4251: “GDALColorTable::aoEntries”: class“std::vector<_Ty>”需要有 dll 接口由 class“GDALColorTable”的客户端使用
                 with
                 [
                     _Ty=GDALColorEntry
                 ]
     1>d:\my_workspace\c_program\imagefusion_8bit\imgfusion\imgfusion\../GDAL/gdal200/include/gdal_priv.h(978): warning C4251: “GDALDriverManager::oMapNameToDrivers”: class“std::map<_Kty,_Ty>”需要有 dll 接口由 class“GDALDriverManager”的客户端使用
                 with
                 [
                     _Kty=CPLString,
                     _Ty=GDALDriver *
                 ]
         Generating Code...
       Link:
         D:\Program Files (x86)\Microsoft Visual Studio 10.0\VC\bin\x86_amd64\link.exe /ERRORREPORT:PROMPT /OUT:"D:\my_workspace\C_program\ImageFusion_8bit\ImgFusion\x64\Debug\ImgFusion.exe" /NOLOGO kernel32.lib user32.lib gdi32.lib winspool.lib comdlg32.lib advapi32.lib shell32.lib ole32.lib oleaut32.lib uuid.lib odbc32.lib odbccp32.lib /MANIFEST /ManifestFile:"x64\Debug\ImgFusion.exe.intermediate.manifest" /MANIFESTUAC:"level='asInvoker' uiAccess='false'" /DEBUG /PDB:"D:\my_workspace\C_program\ImageFusion_8bit\ImgFusion\x64\Debug\ImgFusion.pdb" /TLBID:1 /DYNAMICBASE /NXCOMPAT /IMPLIB:"D:\my_workspace\C_program\ImageFusion_8bit\ImgFusion\x64\Debug\ImgFusion.lib" /MACHINE:X64 x64\Debug\Function.obj
         x64\Debug\Fusion.obj
         x64\Debug\ImgQuality.obj
         x64\Debug\Main.obj
         LINK : 没有找到 D:\my_workspace\C_program\ImageFusion_8bit\ImgFusion\x64\Debug\ImgFusion.exe 或上一个增量链接没有生成它；正在执行完全链接
            正在创建库 D:\my_workspace\C_program\ImageFusion_8bit\ImgFusion\x64\Debug\ImgFusion.lib 和对象 D:\my_workspace\C_program\ImageFusion_8bit\ImgFusion\x64\Debug\ImgFusion.exp
         ImgFusion.vcxproj -> D:\my_workspace\C_program\ImageFusion_8bit\ImgFusion\x64\Debug\ImgFusion.exe
       Manifest:
         C:\Program Files (x86)\Microsoft SDKs\Windows\v7.0A\bin\mt.exe /nologo /verbose /outputresource:"D:\my_workspace\C_program\ImageFusion_8bit\ImgFusion\x64\Debug\ImgFusion.exe;#1" /manifest x64\Debug\ImgFusion.exe.intermediate.manifest
       FinalizeBuildStatus:
         正在删除文件“x64\Debug\ImgFusion.unsuccessfulbuild”。
         正在对“x64\Debug\ImgFusion.lastbuildstate”执行 Touch 任务。
     1>已完成生成项目“D:\my_workspace\C_program\ImageFusion_8bit\ImgFusion\ImgFusion\ImgFusion.vcxproj”(build 个目标)的操作。

生成成功。

已用时间 00:00:02.16
